Release 14.7 - xst P.20131013 (nt64)
Copyright (c) 1995-2013 Xilinx, Inc.  All rights reserved.
--> Parameter TMPDIR set to xst/projnav.tmp


Total REAL time to Xst completion: 0.00 secs
Total CPU time to Xst completion: 0.13 secs
 
--> Parameter xsthdpdir set to xst


Total REAL time to Xst completion: 0.00 secs
Total CPU time to Xst completion: 0.13 secs
 
--> Reading design: top_module.prj

TABLE OF CONTENTS
  1) Synthesis Options Summary
  2) HDL Parsing
  3) HDL Elaboration
  4) HDL Synthesis
       4.1) HDL Synthesis Report
  5) Advanced HDL Synthesis
       5.1) Advanced HDL Synthesis Report
  6) Low Level Synthesis
  7) Partition Report
  8) Design Summary
       8.1) Primitive and Black Box Usage
       8.2) Device utilization summary
       8.3) Partition Resource Summary
       8.4) Timing Report
            8.4.1) Clock Information
            8.4.2) Asynchronous Control Signals Information
            8.4.3) Timing Summary
            8.4.4) Timing Details
            8.4.5) Cross Clock Domains Report


=========================================================================
*                      Synthesis Options Summary                        *
=========================================================================
---- Source Parameters
Input File Name                    : "top_module.prj"
Ignore Synthesis Constraint File   : NO

---- Target Parameters
Output File Name                   : "top_module"
Output Format                      : NGC
Target Device                      : xc7a100t-3-csg324

---- Source Options
Top Module Name                    : top_module
Automatic FSM Extraction           : YES
FSM Encoding Algorithm             : Auto
Safe Implementation                : No
FSM Style                          : LUT
RAM Extraction                     : Yes
RAM Style                          : Auto
ROM Extraction                     : Yes
Shift Register Extraction          : YES
ROM Style                          : Auto
Resource Sharing                   : YES
Asynchronous To Synchronous        : NO
Shift Register Minimum Size        : 2
Use DSP Block                      : Auto
Automatic Register Balancing       : No

---- Target Options
LUT Combining                      : Auto
Reduce Control Sets                : Auto
Add IO Buffers                     : YES
Global Maximum Fanout              : 100000
Add Generic Clock Buffer(BUFG)     : 32
Register Duplication               : YES
Optimize Instantiated Primitives   : NO
Use Clock Enable                   : Auto
Use Synchronous Set                : Auto
Use Synchronous Reset              : Auto
Pack IO Registers into IOBs        : Auto
Equivalent register Removal        : YES

---- General Options
Optimization Goal                  : Speed
Optimization Effort                : 1
Power Reduction                    : NO
Keep Hierarchy                     : No
Netlist Hierarchy                  : As_Optimized
RTL Output                         : Yes
Global Optimization                : AllClockNets
Read Cores                         : YES
Write Timing Constraints           : NO
Cross Clock Analysis               : NO
Hierarchy Separator                : /
Bus Delimiter                      : <>
Case Specifier                     : Maintain
Slice Utilization Ratio            : 100
BRAM Utilization Ratio             : 100
DSP48 Utilization Ratio            : 100
Auto BRAM Packing                  : NO
Slice Utilization Ratio Delta      : 5

=========================================================================


=========================================================================
*                          HDL Parsing                                  *
=========================================================================
Parsing VHDL file "C:\Users\Parsa Hejabi\Documents\Digital System Design\Assignments\HW9\BaseProcessor\SC.vhd" into library work
Parsing entity <SC>.
Parsing architecture <Behavioral> of entity <sc>.
Parsing VHDL file "C:\Users\Parsa Hejabi\Documents\Digital System Design\Assignments\HW9\BaseProcessor\Reg.vhd" into library work
Parsing entity <Reg>.
Parsing architecture <Behavioral> of entity <reg>.
Parsing VHDL file "C:\Users\Parsa Hejabi\Documents\Digital System Design\Assignments\HW9\BaseProcessor\PCReg.vhd" into library work
Parsing entity <PCReg>.
Parsing architecture <Behavioral> of entity <pcreg>.
Parsing VHDL file "C:\Users\Parsa Hejabi\Documents\Digital System Design\Assignments\HW9\BaseProcessor\Mem.vhd" into library work
Parsing entity <Mem>.
Parsing architecture <Behavioral> of entity <mem>.
Parsing VHDL file "C:\Users\Parsa Hejabi\Documents\Digital System Design\Assignments\HW9\BaseProcessor\Decoder3x8.vhd" into library work
Parsing entity <Decoder3x8>.
Parsing architecture <Behavioral> of entity <decoder3x8>.
Parsing VHDL file "C:\Users\Parsa Hejabi\Documents\Digital System Design\Assignments\HW9\BaseProcessor\ControlLogic.vhd" into library work
Parsing entity <ControlLogic>.
Parsing architecture <Behavioral> of entity <controllogic>.
Parsing VHDL file "C:\Users\Parsa Hejabi\Documents\Digital System Design\Assignments\HW9\BaseProcessor\Arbiter.vhd" into library work
Parsing entity <Arbiter>.
Parsing architecture <Behavioral> of entity <arbiter>.
Parsing VHDL file "C:\Users\Parsa Hejabi\Documents\Digital System Design\Assignments\HW9\BaseProcessor\ALU.vhd" into library work
Parsing entity <ALU>.
Parsing architecture <Behavioral> of entity <alu>.
Parsing VHDL file "C:\Users\Parsa Hejabi\Documents\Digital System Design\Assignments\HW9\BaseProcessor\AddressReg.vhd" into library work
Parsing entity <AddressReg>.
Parsing architecture <Behavioral> of entity <addressreg>.
Parsing VHDL file "C:\Users\Parsa Hejabi\Documents\Digital System Design\Assignments\HW9\BaseProcessor\DP.vhd" into library work
Parsing entity <DP>.
Parsing architecture <Behavioral> of entity <dp>.
Parsing VHDL file "C:\Users\Parsa Hejabi\Documents\Digital System Design\Assignments\HW9\BaseProcessor\CP.vhd" into library work
Parsing entity <CP>.
Parsing architecture <Behavioral> of entity <cp>.
Parsing VHDL file "C:\Users\Parsa Hejabi\Documents\Digital System Design\Assignments\HW9\BaseProcessor\top_module.vhd" into library work
Parsing entity <top_module>.
Parsing architecture <Behavioral> of entity <top_module>.

=========================================================================
*                            HDL Elaboration                            *
=========================================================================

Elaborating entity <top_module> (architecture <Behavioral>) from library <work>.

Elaborating entity <CP> (architecture <Behavioral>) from library <work>.

Elaborating entity <Decoder3x8> (architecture <Behavioral>) from library <work>.

Elaborating entity <SC> (architecture <Behavioral>) from library <work>.

Elaborating entity <ControlLogic> (architecture <Behavioral>) from library <work>.
INFO:HDLCompiler:679 - "C:\Users\Parsa Hejabi\Documents\Digital System Design\Assignments\HW9\BaseProcessor\ControlLogic.vhd" Line 194. Case statement is complete. others clause is never selected

Elaborating entity <DP> (architecture <Behavioral>) from library <work>.

Elaborating entity <Arbiter> (architecture <Behavioral>) from library <work>.
WARNING:HDLCompiler:794 - "C:\Users\Parsa Hejabi\Documents\Digital System Design\Assignments\HW9\BaseProcessor\Arbiter.vhd" Line 55: Statement might not cover all choices ; 'others' clause recommended

Elaborating entity <ALU> (architecture <Behavioral>) from library <work>.

Elaborating entity <Mem> (architecture <Behavioral>) from library <work>.
WARNING:HDLCompiler:92 - "C:\Users\Parsa Hejabi\Documents\Digital System Design\Assignments\HW9\BaseProcessor\Mem.vhd" Line 58: memory should be on the sensitivity list of the process

Elaborating entity <Reg> (architecture <Behavioral>) from library <work>.

Elaborating entity <PCReg> (architecture <Behavioral>) from library <work>.

Elaborating entity <AddressReg> (architecture <Behavioral>) from library <work>.
WARNING:Xst:2972 - "C:\Users\Parsa Hejabi\Documents\Digital System Design\Assignments\HW9\BaseProcessor\top_module.vhd" line 77. All outputs of instance <CPComp> of block <CP> are unconnected in block <top_module>. Underlying logic will be removed.
WARNING:Xst:2972 - "C:\Users\Parsa Hejabi\Documents\Digital System Design\Assignments\HW9\BaseProcessor\top_module.vhd" line 86. All outputs of instance <DPComp> of block <DP> are unconnected in block <top_module>. Underlying logic will be removed.

=========================================================================
*                           HDL Synthesis                               *
=========================================================================

Synthesizing Unit <top_module>.
    Related source file is "C:\Users\Parsa Hejabi\Documents\Digital System Design\Assignments\HW9\BaseProcessor\top_module.vhd".
    Summary:
	no macro.
Unit <top_module> synthesized.

Synthesizing Unit <Decoder3x8>.
    Related source file is "C:\Users\Parsa Hejabi\Documents\Digital System Design\Assignments\HW9\BaseProcessor\Decoder3x8.vhd".
    Summary:
	no macro.
Unit <Decoder3x8> synthesized.

Synthesizing Unit <SC>.
    Related source file is "C:\Users\Parsa Hejabi\Documents\Digital System Design\Assignments\HW9\BaseProcessor\SC.vhd".
    Found 3-bit register for signal <dout_reg>.
    Summary:
	inferred   3 D-type flip-flop(s).
Unit <SC> synthesized.

Synthesizing Unit <ControlLogic>.
    Related source file is "C:\Users\Parsa Hejabi\Documents\Digital System Design\Assignments\HW9\BaseProcessor\ControlLogic.vhd".
WARNING:Xst:647 - Input <T0toT7> is never used. This port will be preserved and left unconnected if it belongs to a top-level block or it belongs to a sub-block and the hierarchy of this sub-block is preserved.
WARNING:Xst:647 - Input <Iflag> is never used. This port will be preserved and left unconnected if it belongs to a top-level block or it belongs to a sub-block and the hierarchy of this sub-block is preserved.
    Found 3-bit register for signal <pr_state>.
    Summary:
	inferred   3 D-type flip-flop(s).
Unit <ControlLogic> synthesized.

Synthesizing Unit <Arbiter>.
    Related source file is "C:\Users\Parsa Hejabi\Documents\Digital System Design\Assignments\HW9\BaseProcessor\Arbiter.vhd".
    Summary:
	no macro.
Unit <Arbiter> synthesized.

Synthesizing Unit <ALU>.
    Related source file is "C:\Users\Parsa Hejabi\Documents\Digital System Design\Assignments\HW9\BaseProcessor\ALU.vhd".
    Summary:
	no macro.
Unit <ALU> synthesized.

Synthesizing Unit <Mem>.
    Related source file is "C:\Users\Parsa Hejabi\Documents\Digital System Design\Assignments\HW9\BaseProcessor\Mem.vhd".
    Summary:
	no macro.
Unit <Mem> synthesized.

Synthesizing Unit <Reg>.
    Related source file is "C:\Users\Parsa Hejabi\Documents\Digital System Design\Assignments\HW9\BaseProcessor\Reg.vhd".
    Found 16-bit register for signal <douttemp>.
    Summary:
	inferred  16 D-type flip-flop(s).
Unit <Reg> synthesized.

Synthesizing Unit <PCReg>.
    Related source file is "C:\Users\Parsa Hejabi\Documents\Digital System Design\Assignments\HW9\BaseProcessor\PCReg.vhd".
    Found 12-bit register for signal <douttemp>.
    Summary:
	inferred  12 D-type flip-flop(s).
Unit <PCReg> synthesized.

Synthesizing Unit <AddressReg>.
    Related source file is "C:\Users\Parsa Hejabi\Documents\Digital System Design\Assignments\HW9\BaseProcessor\AddressReg.vhd".
    Found 12-bit register for signal <douttemp>.
    Summary:
	inferred  12 D-type flip-flop(s).
Unit <AddressReg> synthesized.

=========================================================================
HDL Synthesis Report

Found no macro
=========================================================================

=========================================================================
*                       Advanced HDL Synthesis                          *
=========================================================================


=========================================================================
Advanced HDL Synthesis Report

Found no macro
=========================================================================

=========================================================================
*                         Low Level Synthesis                           *
=========================================================================

Optimizing unit <top_module> ...

Mapping all equations...
Building and optimizing final netlist ...
Found area constraint ratio of 100 (+ 5) on block top_module, actual ratio is 0.

Final Macro Processing ...

=========================================================================
Final Register Report

Found no macro
=========================================================================

=========================================================================
*                           Partition Report                            *
=========================================================================

Partition Implementation Status
-------------------------------

  No Partitions were found in this design.

-------------------------------

=========================================================================
*                            Design Summary                             *
=========================================================================

Top Level Output File Name         : top_module.ngc

Primitive and Black Box Usage:
------------------------------

Device utilization summary:
---------------------------

Selected Device : 7a100tcsg324-3 


Slice Logic Utilization: 

Slice Logic Distribution: 
 Number of LUT Flip Flop pairs used:      0
   Number with an unused Flip Flop:       0  out of      0         
   Number with an unused LUT:             0  out of      0         
   Number of fully used LUT-FF pairs:     0  out of      0         
   Number of unique control sets:         0

IO Utilization: 
 Number of IOs:                           2
 Number of bonded IOBs:                   0  out of    210     0%  

Specific Feature Utilization:

---------------------------
Partition Resource Summary:
---------------------------

  No Partitions were found in this design.

---------------------------


=========================================================================
Timing Report

NOTE: THESE TIMING NUMBERS ARE ONLY A SYNTHESIS ESTIMATE.
      FOR ACCURATE TIMING INFORMATION PLEASE REFER TO THE TRACE REPORT
      GENERATED AFTER PLACE-and-ROUTE.

Clock Information:
------------------
No clock signals found in this design

Asynchronous Control Signals Information:
----------------------------------------
No asynchronous control signals found in this design

Timing Summary:
---------------
Speed Grade: -3

   Minimum period: No path found
   Minimum input arrival time before clock: No path found
   Maximum output required time after clock: No path found
   Maximum combinational path delay: No path found

Timing Details:
---------------
All values displayed in nanoseconds (ns)

=========================================================================

Cross Clock Domains Report:
--------------------------

=========================================================================


Total REAL time to Xst completion: 8.00 secs
Total CPU time to Xst completion: 7.85 secs
 
--> 

Total memory usage is 4712584 kilobytes

Number of errors   :    0 (   0 filtered)
Number of warnings :    6 (   0 filtered)
Number of infos    :    0 (   0 filtered)

